[handleMsg]:  {
  key: {
    remoteJid: '573108063653@s.whatsapp.net',
    fromMe: false,
    id: '3FF7B759C8005073017F',
    participant: undefined
  },
  messageTimestamp: 1751304181,
  pushName: 'Yorman Aular',
  broadcast: false,
  message: Message {
    extendedTextMessage: ExtendedTextMessage { text: 'hola', contextInfo: [ContextInfo] },
    messageContextInfo: MessageContextInfo {
      deviceListMetadata: [DeviceListMetadata],
      deviceListMetadataVersion: 2
    }
  },
  body: 'hola',
  from: '573108063653'
}
[QUEUE_SE_ENVIO]:  {
  ref: 'ans_bdf88da2-0f67-48a1-8b57-f69e944e8022',
  keyword: 'key_216f006f-755a-4739-b717-e4956d59db36',
  answer: '__call_action__',
  options: {
    media: null,
    buttons: [],
    capture: false,
    child: null,
    delay: 0,
    idle: null,
    ref: null,
    nested: [],
    keyword: {},
    callback: true
  },
  refSerialize: 'dfdc3b301e53f1947e75e77010a003c6'
}
