[handleMsg]:  {
  key: {
    remoteJid: '573108063653@s.whatsapp.net',
    fromMe: false,
    id: '3FAAEF69D1705E68DE61',
    participant: undefined
  },
  messageTimestamp: 1751296433,
  pushName: 'Yorman Aular',
  broadcast: false,
  message: Message {
    extendedTextMessage: ExtendedTextMessage { text: 'hola', contextInfo: [ContextInfo] },
    messageContextInfo: MessageContextInfo {
      deviceListMetadata: [DeviceListMetadata],
      deviceListMetadataVersion: 2
    }
  },
  body: 'hola',
  from: '573108063653'
}
[QUEUE_SE_ENVIO]:  {
  ref: 'ans_64363e10-be3c-41a0-83a4-ace44ae65fca',
  keyword: 'key_5cad08d3-59ec-4886-9084-001fd992af24',
  answer: '__call_action__',
  options: {
    media: null,
    buttons: [],
    capture: false,
    child: null,
    delay: 0,
    idle: null,
    ref: null,
    nested: [],
    keyword: {},
    callback: true
  },
  refSerialize: '262c493a030b0c4fdfa33974afcf328b'
}
